Arguments: 
  C:\Program Files\nodejs\node.exe C:\Users\Joelmir\AppData\Roaming\npm\node_modules\yarn\bin\yarn.js serve

PATH: 
  C:\Users\Joelmir\bin;C:\Program Files\Git\mingw64\bin;C:\Program Files\Git\usr\local\bin;C:\Program Files\Git\usr\bin;C:\Program Files\Git\usr\bin;C:\Program Files\Git\mingw64\bin;C:\Program Files\Git\usr\bin;C:\Users\Joelmir\bin;C:\Python39\Scripts;C:\Python39;C:\Windows\system32;C:\Windows;C:\Windows\System32\Wbem;C:\Windows\System32\WindowsPowerShell\v1.0;C:\Windows\System32\OpenSSH;C:\Program Files\Git\cmd;C:\Program Files\Microsoft SQL Server\Client SDK\ODBC\170\Tools\Binn;C:\Program Files\Microsoft SQL Server\130\Tools\Binn;C:\Program Files (x86)\Microsoft SQL Server\150\DTS\Binn;C:\Program Files\Azure Data Studio\bin;C:\Program Files\dotnet;C:\Program Files (x86)\Microsoft SQL Server\150\Tools\Binn;C:\Program Files\Microsoft SQL Server\150\Tools\Binn;C:\Program Files\Microsoft SQL Server\150\DTS\Binn;C:\Program Files\nodejs;C:\ProgramData\chocolatey\bin;C:\Users\Joelmir\AppData\Local\Microsoft\WindowsApps;C:\Users\Joelmir\AppData\Local\Programs\Microsoft VS Code\bin;C:\Program Files\Azure Data Studio\bin;C:\Program Files\MySQL\MySQL Server 8.0.25\bin;C:\Users\Joelmir\.dotnet\tools;C:\Users\Joelmir\AppData\Roaming\npm;C:\Program Files\Git\usr\bin\vendor_perl;C:\Program Files\Git\usr\bin\core_perl

Yarn version: 
  1.22.10

Node version: 
  14.17.1

Platform: 
  win32 x64

Trace: 
  SyntaxError: C:\Users\Joelmir\Desktop\estudos\Udemy\Formacao-nodejs\APP-Users\usersapi\package.json: Unexpected string in JSON at position 158
      at JSON.parse (<anonymous>)
      at C:\Users\Joelmir\AppData\Roaming\npm\node_modules\yarn\lib\cli.js:1625:59
      at Generator.next (<anonymous>)
      at step (C:\Users\Joelmir\AppData\Roaming\npm\node_modules\yarn\lib\cli.js:310:30)
      at C:\Users\Joelmir\AppData\Roaming\npm\node_modules\yarn\lib\cli.js:321:13

npm manifest: 
  {
      "name": "user-api",
      "version": "1.0.0",
      "description": "",
      "main": "index.js",
      "scripts": {
          "serve": "nodemon index.js"
          "test": "echo \"Error: no test specified\" && exit 1"
      },
      "author": "",
      "license": "ISC",
      "dependencies": {
          "bcrypt": "^5.0.0",
          "body-parser": "^1.19.0",
          "cors": "^2.8.5",
          "express": "^4.17.1",
          "jsonwebtoken": "^8.5.1",
          "knex": "^0.21.2",
          "mysql2": "^2.1.0"
      }
  }

yarn manifest: 
  No manifest

Lockfile: 
  No lockfile
